# JRE version: OpenJDK Runtime Environment (11.0.7+10) (build 11.0.7+10)
# Java VM: OpenJDK 64-Bit Server VM (11.0.7+10, mixed mode, tiered, compressed oops, g1 gc, windows-amd64)
Heap:
 garbage-first heap   total 365568K, used 113238K [0x0000000701200000, 0x0000000800000000)
  region size 1024K, 21 young (21504K), 5 survivors (5120K)
 Metaspace       used 25945K, capacity 26649K, committed 26800K, reserved 1073152K
  class space    used 2522K, capacity 2772K, committed 2816K, reserved 1048576K
GC Heap History (18 events):
Event: 0.435 GC heap before
{Heap before GC invocations=0 (full 0):
 garbage-first heap   total 262144K, used 24576K [0x0000000701200000, 0x0000000800000000)
  region size 1024K, 24 young (24576K), 0 survivors (0K)
 Metaspace       used 12992K, capacity 13212K, committed 13312K, reserved 1060864K
  class space    used 1118K, capacity 1206K, committed 1280K, reserved 1048576K
}
Event: 0.439 GC heap after
{Heap after GC invocations=1 (full 0):
 garbage-first heap   total 262144K, used 3699K [0x0000000701200000, 0x0000000800000000)
  region size 1024K, 3 young (3072K), 3 survivors (3072K)
 Metaspace       used 12992K, capacity 13212K, committed 13312K, reserved 1060864K
  class space    used 1118K, capacity 1206K, committed 1280K, reserved 1048576K
}
Event: 1.533 GC heap before
{Heap before GC invocations=1 (full 0):
 garbage-first heap   total 262144K, used 160371K [0x0000000701200000, 0x0000000800000000)
  region size 1024K, 153 young (156672K), 3 survivors (3072K)
 Metaspace       used 19891K, capacity 20320K, committed 20608K, reserved 1067008K
  class space    used 1920K, capacity 2054K, committed 2176K, reserved 1048576K
}
Event: 1.571 GC heap after
{Heap after GC invocations=2 (full 0):
 garbage-first heap   total 262144K, used 50875K [0x0000000701200000, 0x0000000800000000)
  region size 1024K, 20 young (20480K), 20 survivors (20480K)
 Metaspace       used 19891K, capacity 20320K, committed 20608K, reserved 1067008K
  class space    used 1920K, capacity 2054K, committed 2176K, reserved 1048576K
}
Event: 1.685 GC heap before
{Heap before GC invocations=2 (full 0):
 garbage-first heap   total 262144K, used 87739K [0x0000000701200000, 0x0000000800000000)
  region size 1024K, 57 young (58368K), 20 survivors (20480K)
 Metaspace       used 19954K, capacity 20402K, committed 20608K, reserved 1067008K
  class space    used 1922K, capacity 2057K, committed 2176K, reserved 1048576K
}
Event: 1.709 GC heap after
{Heap after GC invocations=3 (full 0):
 garbage-first heap   total 262144K, used 65536K [0x0000000701200000, 0x0000000800000000)
  region size 1024K, 8 young (8192K), 8 survivors (8192K)
 Metaspace       used 19954K, capacity 20402K, committed 20608K, reserved 1067008K
  class space    used 1922K, capacity 2057K, committed 2176K, reserved 1048576K
}
Event: 1.718 GC heap before
{Heap before GC invocations=3 (full 0):
 garbage-first heap   total 262144K, used 69632K [0x0000000701200000, 0x0000000800000000)
  region size 1024K, 12 young (12288K), 8 survivors (8192K)
 Metaspace       used 19957K, capacity 20402K, committed 20608K, reserved 1067008K
  class space    used 1922K, capacity 2057K, committed 2176K, reserved 1048576K
}
Event: 1.723 GC heap after
{Heap after GC invocations=4 (full 0):
 garbage-first heap   total 262144K, used 68043K [0x0000000701200000, 0x0000000800000000)
  region size 1024K, 2 young (2048K), 2 survivors (2048K)
 Metaspace       used 19957K, capacity 20402K, committed 20608K, reserved 1067008K
  class space    used 1922K, capacity 2057K, committed 2176K, reserved 1048576K
}
Event: 1.747 GC heap before
{Heap before GC invocations=4 (full 0):
 garbage-first heap   total 262144K, used 78283K [0x0000000701200000, 0x0000000800000000)
  region size 1024K, 12 young (12288K), 2 survivors (2048K)
 Metaspace       used 19972K, capacity 20414K, committed 20608K, reserved 1067008K
  class space    used 1923K, capacity 2059K, committed 2176K, reserved 1048576K
}
Event: 1.754 GC heap after
{Heap after GC invocations=5 (full 0):
 garbage-first heap   total 365568K, used 72704K [0x0000000701200000, 0x0000000800000000)
  region size 1024K, 2 young (2048K), 2 survivors (2048K)
 Metaspace       used 19972K, capacity 20414K, committed 20608K, reserved 1067008K
  class space    used 1923K, capacity 2059K, committed 2176K, reserved 1048576K
}
Event: 1.809 GC heap before
{Heap before GC invocations=5 (full 0):
 garbage-first heap   total 365568K, used 88064K [0x0000000701200000, 0x0000000800000000)
  region size 1024K, 17 young (17408K), 2 survivors (2048K)
 Metaspace       used 19995K, capacity 20420K, committed 20608K, reserved 1067008K
  class space    used 1924K, capacity 2060K, committed 2176K, reserved 1048576K
}
Event: 1.814 GC heap after
{Heap after GC invocations=6 (full 0):
 garbage-first heap   total 365568K, used 79128K [0x0000000701200000, 0x0000000800000000)
  region size 1024K, 3 young (3072K), 3 survivors (3072K)
 Metaspace       used 19995K, capacity 20420K, committed 20608K, reserved 1067008K
  class space    used 1924K, capacity 2060K, committed 2176K, reserved 1048576K
}
Event: 2.062 GC heap before
{Heap before GC invocations=6 (full 0):
 garbage-first heap   total 365568K, used 107800K [0x0000000701200000, 0x0000000800000000)
  region size 1024K, 31 young (31744K), 3 survivors (3072K)
 Metaspace       used 20180K, capacity 20598K, committed 20864K, reserved 1069056K
  class space    used 1939K, capacity 2095K, committed 2176K, reserved 1048576K
}
Event: 2.067 GC heap after
{Heap after GC invocations=7 (full 0):
 garbage-first heap   total 365568K, used 81536K [0x0000000701200000, 0x0000000800000000)
  region size 1024K, 3 young (3072K), 3 survivors (3072K)
 Metaspace       used 20180K, capacity 20598K, committed 20864K, reserved 1069056K
  class space    used 1939K, capacity 2095K, committed 2176K, reserved 1048576K
}
Event: 2.103 GC heap before
{Heap before GC invocations=7 (full 0):
 garbage-first heap   total 365568K, used 82560K [0x0000000701200000, 0x0000000800000000)
  region size 1024K, 5 young (5120K), 3 survivors (3072K)
 Metaspace       used 20699K, capacity 21115K, committed 21296K, reserved 1069056K
  class space    used 1971K, capacity 2097K, committed 2176K, reserved 1048576K
}
Event: 2.105 GC heap after
{Heap after GC invocations=8 (full 0):
 garbage-first heap   total 365568K, used 81767K [0x0000000701200000, 0x0000000800000000)
  region size 1024K, 3 young (3072K), 3 survivors (3072K)
 Metaspace       used 20699K, capacity 21115K, committed 21296K, reserved 1069056K
  class space    used 1971K, capacity 2097K, committed 2176K, reserved 1048576K
}
Event: 2.472 GC heap before
{Heap before GC invocations=9 (full 0):
 garbage-first heap   total 365568K, used 119655K [0x0000000701200000, 0x0000000800000000)
  region size 1024K, 40 young (40960K), 3 survivors (3072K)
 Metaspace       used 20814K, capacity 21307K, committed 21552K, reserved 1069056K
  class space    used 1972K, capacity 2097K, committed 2176K, reserved 1048576K
}
Event: 2.489 GC heap after
{Heap after GC invocations=10 (full 0):
 garbage-first heap   total 365568K, used 98902K [0x0000000701200000, 0x0000000800000000)
  region size 1024K, 5 young (5120K), 5 survivors (5120K)
 Metaspace       used 20814K, capacity 21307K, committed 21552K, reserved 1069056K
  class space    used 1972K, capacity 2097K, committed 2176K, reserved 1048576K
}

